Analysis & Elaboration report for VectorProcessor
Tue Jun 01 11:56:06 2021
Quartus Prime Version 19.1.0 Build 670 09/22/2019 SJ Lite Edition


---------------------
; Table of Contents ;
---------------------
  1. Legal Notice
  2. Analysis & Elaboration Summary
  3. Parallel Compilation
  4. Analysis & Elaboration Settings
  5. Port Connectivity Checks: "VectorProcessor:DUT|Fetch_Stage:fs|Fetch_Adder:fAdder"
  6. Port Connectivity Checks: "VectorProcessor:DUT"
  7. Analysis & Elaboration Messages
  8. Analysis & Elaboration Suppressed Messages



----------------
; Legal Notice ;
----------------
Copyright (C) 2019  Intel Corporation. All rights reserved.
Your use of Intel Corporation's design tools, logic functions 
and other software and tools, and any partner logic 
functions, and any output files from any of the foregoing 
(including device programming or simulation files), and any 
associated documentation or information are expressly subject 
to the terms and conditions of the Intel Program License 
Subscription Agreement, the Intel Quartus Prime License Agreement,
the Intel FPGA IP License Agreement, or other applicable license
agreement, including, without limitation, that your use is for
the sole purpose of programming logic devices manufactured by
Intel and sold by Intel or its authorized distributors.  Please
refer to the applicable agreement for further details, at
https://fpgasoftware.intel.com/eula.



+-----------------------------------------------------------------------------+
; Analysis & Elaboration Summary                                              ;
+-------------------------------+---------------------------------------------+
; Analysis & Elaboration Status ; Successful - Tue Jun 01 11:56:06 2021       ;
; Quartus Prime Version         ; 19.1.0 Build 670 09/22/2019 SJ Lite Edition ;
; Revision Name                 ; VectorProcessor                             ;
; Top-level Entity Name         ; VectorProcessor_tb                          ;
; Family                        ; Cyclone V                                   ;
; Logic utilization (in ALMs)   ; N/A until Partition Merge                   ;
; Total registers               ; N/A until Partition Merge                   ;
; Total pins                    ; N/A until Partition Merge                   ;
; Total virtual pins            ; N/A until Partition Merge                   ;
; Total block memory bits       ; N/A until Partition Merge                   ;
; Total PLLs                    ; N/A until Partition Merge                   ;
; Total DLLs                    ; N/A until Partition Merge                   ;
+-------------------------------+---------------------------------------------+


+------------------------------------------+
; Parallel Compilation                     ;
+----------------------------+-------------+
; Processors                 ; Number      ;
+----------------------------+-------------+
; Number detected on machine ; 8           ;
; Maximum allowed            ; 4           ;
;                            ;             ;
; Average used               ; 1.00        ;
; Maximum used               ; 1           ;
;                            ;             ;
; Usage by Processor         ; % Time Used ;
;     Processor 1            ; 100.0%      ;
+----------------------------+-------------+


+---------------------------------------------------------------------------------------------------------------------------+
; Analysis & Elaboration Settings                                                                                           ;
+---------------------------------------------------------------------------------+--------------------+--------------------+
; Option                                                                          ; Setting            ; Default Value      ;
+---------------------------------------------------------------------------------+--------------------+--------------------+
; Device                                                                          ; 5CGXFC7C7F23C8     ;                    ;
; Top-level entity name                                                           ; VectorProcessor_tb ; VectorProcessor    ;
; Family name                                                                     ; Cyclone V          ; Cyclone V          ;
; Use smart compilation                                                           ; Off                ; Off                ;
; Enable parallel Assembler and Timing Analyzer during compilation                ; On                 ; On                 ;
; Enable compact report table                                                     ; Off                ; Off                ;
; Restructure Multiplexers                                                        ; Auto               ; Auto               ;
; MLAB Add Timing Constraints For Mixed-Port Feed-Through Mode Setting Don't Care ; Off                ; Off                ;
; Create Debugging Nodes for IP Cores                                             ; Off                ; Off                ;
; Preserve fewer node names                                                       ; On                 ; On                 ;
; Intel FPGA IP Evaluation Mode                                                   ; Enable             ; Enable             ;
; Verilog Version                                                                 ; Verilog_2001       ; Verilog_2001       ;
; VHDL Version                                                                    ; VHDL_1993          ; VHDL_1993          ;
; State Machine Processing                                                        ; Auto               ; Auto               ;
; Safe State Machine                                                              ; Off                ; Off                ;
; Extract Verilog State Machines                                                  ; On                 ; On                 ;
; Extract VHDL State Machines                                                     ; On                 ; On                 ;
; Ignore Verilog initial constructs                                               ; Off                ; Off                ;
; Iteration limit for constant Verilog loops                                      ; 5000               ; 5000               ;
; Iteration limit for non-constant Verilog loops                                  ; 250                ; 250                ;
; Add Pass-Through Logic to Inferred RAMs                                         ; On                 ; On                 ;
; Infer RAMs from Raw Logic                                                       ; On                 ; On                 ;
; Parallel Synthesis                                                              ; On                 ; On                 ;
; DSP Block Balancing                                                             ; Auto               ; Auto               ;
; NOT Gate Push-Back                                                              ; On                 ; On                 ;
; Power-Up Don't Care                                                             ; On                 ; On                 ;
; Remove Redundant Logic Cells                                                    ; Off                ; Off                ;
; Remove Duplicate Registers                                                      ; On                 ; On                 ;
; Ignore CARRY Buffers                                                            ; Off                ; Off                ;
; Ignore CASCADE Buffers                                                          ; Off                ; Off                ;
; Ignore GLOBAL Buffers                                                           ; Off                ; Off                ;
; Ignore ROW GLOBAL Buffers                                                       ; Off                ; Off                ;
; Ignore LCELL Buffers                                                            ; Off                ; Off                ;
; Ignore SOFT Buffers                                                             ; On                 ; On                 ;
; Limit AHDL Integers to 32 Bits                                                  ; Off                ; Off                ;
; Optimization Technique                                                          ; Balanced           ; Balanced           ;
; Carry Chain Length                                                              ; 70                 ; 70                 ;
; Auto Carry Chains                                                               ; On                 ; On                 ;
; Auto Open-Drain Pins                                                            ; On                 ; On                 ;
; Perform WYSIWYG Primitive Resynthesis                                           ; Off                ; Off                ;
; Auto ROM Replacement                                                            ; On                 ; On                 ;
; Auto RAM Replacement                                                            ; On                 ; On                 ;
; Auto DSP Block Replacement                                                      ; On                 ; On                 ;
; Auto Shift Register Replacement                                                 ; Auto               ; Auto               ;
; Allow Shift Register Merging across Hierarchies                                 ; Auto               ; Auto               ;
; Auto Clock Enable Replacement                                                   ; On                 ; On                 ;
; Strict RAM Replacement                                                          ; Off                ; Off                ;
; Allow Synchronous Control Signals                                               ; On                 ; On                 ;
; Force Use of Synchronous Clear Signals                                          ; Off                ; Off                ;
; Auto Resource Sharing                                                           ; Off                ; Off                ;
; Allow Any RAM Size For Recognition                                              ; Off                ; Off                ;
; Allow Any ROM Size For Recognition                                              ; Off                ; Off                ;
; Allow Any Shift Register Size For Recognition                                   ; Off                ; Off                ;
; Use LogicLock Constraints during Resource Balancing                             ; On                 ; On                 ;
; Ignore translate_off and synthesis_off directives                               ; Off                ; Off                ;
; Timing-Driven Synthesis                                                         ; On                 ; On                 ;
; Report Parameter Settings                                                       ; On                 ; On                 ;
; Report Source Assignments                                                       ; On                 ; On                 ;
; Report Connectivity Checks                                                      ; On                 ; On                 ;
; Ignore Maximum Fan-Out Assignments                                              ; Off                ; Off                ;
; Synchronization Register Chain Length                                           ; 3                  ; 3                  ;
; Power Optimization During Synthesis                                             ; Normal compilation ; Normal compilation ;
; HDL message level                                                               ; Level2             ; Level2             ;
; Suppress Register Optimization Related Messages                                 ; Off                ; Off                ;
; Number of Removed Registers Reported in Synthesis Report                        ; 5000               ; 5000               ;
; Number of Swept Nodes Reported in Synthesis Report                              ; 5000               ; 5000               ;
; Number of Inverted Registers Reported in Synthesis Report                       ; 100                ; 100                ;
; Clock MUX Protection                                                            ; On                 ; On                 ;
; Auto Gated Clock Conversion                                                     ; Off                ; Off                ;
; Block Design Naming                                                             ; Auto               ; Auto               ;
; SDC constraint protection                                                       ; Off                ; Off                ;
; Synthesis Effort                                                                ; Auto               ; Auto               ;
; Shift Register Replacement - Allow Asynchronous Clear Signal                    ; On                 ; On                 ;
; Pre-Mapping Resynthesis Optimization                                            ; Off                ; Off                ;
; Analysis & Synthesis Message Level                                              ; Medium             ; Medium             ;
; Disable Register Merging Across Hierarchies                                     ; Auto               ; Auto               ;
; Resource Aware Inference For Block RAM                                          ; On                 ; On                 ;
; Automatic Parallel Synthesis                                                    ; On                 ; On                 ;
; Partial Reconfiguration Bitstream ID                                            ; Off                ; Off                ;
+---------------------------------------------------------------------------------+--------------------+--------------------+


+-------------------------------------------------------------------------------------------------------------------------------------------------------------------------------------------------------------------+
; Port Connectivity Checks: "VectorProcessor:DUT|Fetch_Stage:fs|Fetch_Adder:fAdder"                                                                                                                                 ;
+----------+-------+----------+-------------------------------------------------------------------------------------------------------------------------------------------------------------------------------------+
; Port     ; Type  ; Severity ; Details                                                                                                                                                                             ;
+----------+-------+----------+-------------------------------------------------------------------------------------------------------------------------------------------------------------------------------------+
; A        ; Input ; Warning  ; Input port expression (32 bits) is wider than the input port (21 bits) it drives.  The 11 most-significant bit(s) in the expression will be dangling if they have no other fanouts. ;
; A[20..3] ; Input ; Info     ; Stuck at GND                                                                                                                                                                        ;
; A[1..0]  ; Input ; Info     ; Stuck at GND                                                                                                                                                                        ;
; A[2]     ; Input ; Info     ; Stuck at VCC                                                                                                                                                                        ;
+----------+-------+----------+-------------------------------------------------------------------------------------------------------------------------------------------------------------------------------------+


+---------------------------------------------------------------------------------------------------------------------+
; Port Connectivity Checks: "VectorProcessor:DUT"                                                                     ;
+-----------+--------+----------+-------------------------------------------------------------------------------------+
; Port      ; Type   ; Severity ; Details                                                                             ;
+-----------+--------+----------+-------------------------------------------------------------------------------------+
; clk       ; Input  ; Info     ; Stuck at VCC                                                                        ;
; instr     ; Output ; Info     ; Connected to dangling logic. Logic that only feeds a dangling port will be removed. ;
; drPC_plus ; Output ; Info     ; Connected to dangling logic. Logic that only feeds a dangling port will be removed. ;
+-----------+--------+----------+-------------------------------------------------------------------------------------+


+---------------------------------+
; Analysis & Elaboration Messages ;
+---------------------------------+
Info: *******************************************************************
Info: Running Quartus Prime Analysis & Elaboration
    Info: Version 19.1.0 Build 670 09/22/2019 SJ Lite Edition
    Info: Processing started: Tue Jun 01 11:55:58 2021
Info: Command: quartus_map --read_settings_files=on --write_settings_files=off VectorProcessor -c VectorProcessor --analysis_and_elaboration
Warning (18236): Number of processors has not been specified which may cause overloading on shared machines.  Set the global assignment NUM_PARALLEL_PROCESSORS in your QSF to an appropriate value for best performance.
Info (20030): Parallel compilation is enabled and will use 4 of the 4 processors detected
Info (12021): Found 1 design units, including 1 entities, in source file pc_register.sv
    Info (12023): Found entity 1: PC_Register File: C:/Users/victo/Desktop/pruebaQuartus/VectorProcessor/PC_Register.sv Line: 1
Info (12021): Found 1 design units, including 1 entities, in source file instr_mem.sv
    Info (12023): Found entity 1: Instr_Mem File: C:/Users/victo/Desktop/pruebaQuartus/VectorProcessor/Instr_Mem.sv Line: 1
Info (12021): Found 1 design units, including 1 entities, in source file fetch_adder.sv
    Info (12023): Found entity 1: Fetch_Adder File: C:/Users/victo/Desktop/pruebaQuartus/VectorProcessor/Fetch_Adder.sv Line: 1
Info (12021): Found 1 design units, including 1 entities, in source file testbench/vectorprocessor_tb.sv
    Info (12023): Found entity 1: VectorProcessor_tb File: C:/Users/victo/Desktop/pruebaQuartus/VectorProcessor/Testbench/VectorProcessor_tb.sv Line: 1
Info (12021): Found 1 design units, including 1 entities, in source file mux_wb.sv
    Info (12023): Found entity 1: MUX_WB File: C:/Users/victo/Desktop/pruebaQuartus/VectorProcessor/MUX_WB.sv Line: 1
Info (12021): Found 1 design units, including 1 entities, in source file alue/adder_vv.sv
    Info (12023): Found entity 1: ADDER_VV File: C:/Users/victo/Desktop/pruebaQuartus/VectorProcessor/ALUe/ADDER_VV.sv Line: 1
Info (12021): Found 1 design units, including 1 entities, in source file alue/alu_ve.sv
    Info (12023): Found entity 1: ALU_VE File: C:/Users/victo/Desktop/pruebaQuartus/VectorProcessor/ALUe/ALU_VE.sv Line: 1
Info (12021): Found 1 design units, including 1 entities, in source file alue/mux_alu.sv
    Info (12023): Found entity 1: MUX_ALU File: C:/Users/victo/Desktop/pruebaQuartus/VectorProcessor/ALUe/MUX_ALU.sv Line: 1
Info (12021): Found 1 design units, including 1 entities, in source file alue/alu.sv
    Info (12023): Found entity 1: ALU File: C:/Users/victo/Desktop/pruebaQuartus/VectorProcessor/ALUe/ALU.sv Line: 1
Info (12021): Found 1 design units, including 1 entities, in source file alu_control.sv
    Info (12023): Found entity 1: ALU_Control File: C:/Users/victo/Desktop/pruebaQuartus/VectorProcessor/ALU_Control.sv Line: 1
Info (12021): Found 1 design units, including 1 entities, in source file pipes/mem_wb.sv
    Info (12023): Found entity 1: MEM_WB File: C:/Users/victo/Desktop/pruebaQuartus/VectorProcessor/Pipes/MEM_WB.sv Line: 1
Info (12021): Found 1 design units, including 1 entities, in source file pipes/if_id.sv
    Info (12023): Found entity 1: IF_ID File: C:/Users/victo/Desktop/pruebaQuartus/VectorProcessor/Pipes/IF_ID.sv Line: 1
Info (12021): Found 1 design units, including 1 entities, in source file pipes/id_ex.sv
    Info (12023): Found entity 1: ID_EX File: C:/Users/victo/Desktop/pruebaQuartus/VectorProcessor/Pipes/ID_EX.sv Line: 1
Info (12021): Found 1 design units, including 1 entities, in source file pipes/ex_mem.sv
    Info (12023): Found entity 1: EX_MEM File: C:/Users/victo/Desktop/pruebaQuartus/VectorProcessor/Pipes/EX_MEM.sv Line: 1
Info (12021): Found 1 design units, including 1 entities, in source file extendzero.sv
    Info (12023): Found entity 1: extendZero File: C:/Users/victo/Desktop/pruebaQuartus/VectorProcessor/extendZero.sv Line: 1
Info (12021): Found 1 design units, including 1 entities, in source file file_register.sv
    Info (12023): Found entity 1: File_Register File: C:/Users/victo/Desktop/pruebaQuartus/VectorProcessor/File_Register.sv Line: 1
Info (12021): Found 1 design units, including 1 entities, in source file control_unit.sv
    Info (12023): Found entity 1: Control_Unit File: C:/Users/victo/Desktop/pruebaQuartus/VectorProcessor/Control_Unit.sv Line: 1
Info (12021): Found 1 design units, including 1 entities, in source file wb_stage.sv
    Info (12023): Found entity 1: WB_Stage File: C:/Users/victo/Desktop/pruebaQuartus/VectorProcessor/WB_Stage.sv Line: 1
Info (12021): Found 1 design units, including 1 entities, in source file mem_stage.sv
    Info (12023): Found entity 1: MEM_Stage File: C:/Users/victo/Desktop/pruebaQuartus/VectorProcessor/MEM_Stage.sv Line: 1
Info (12021): Found 1 design units, including 1 entities, in source file fetch_stage.sv
    Info (12023): Found entity 1: Fetch_Stage File: C:/Users/victo/Desktop/pruebaQuartus/VectorProcessor/Fetch_Stage.sv Line: 1
Info (12021): Found 1 design units, including 1 entities, in source file exec_stage.sv
    Info (12023): Found entity 1: EXEC_Stage File: C:/Users/victo/Desktop/pruebaQuartus/VectorProcessor/EXEC_Stage.sv Line: 1
Info (12021): Found 1 design units, including 1 entities, in source file decode_stage.sv
    Info (12023): Found entity 1: Decode_Stage File: C:/Users/victo/Desktop/pruebaQuartus/VectorProcessor/Decode_Stage.sv Line: 1
Info (12021): Found 1 design units, including 1 entities, in source file data_mem.sv
    Info (12023): Found entity 1: Data_Mem File: C:/Users/victo/Desktop/pruebaQuartus/VectorProcessor/Data_Mem.sv Line: 1
Info (12021): Found 1 design units, including 1 entities, in source file vectorprocessor.sv
    Info (12023): Found entity 1: VectorProcessor File: C:/Users/victo/Desktop/pruebaQuartus/VectorProcessor/VectorProcessor.sv Line: 1
Info (12127): Elaborating entity "VectorProcessor_tb" for the top level hierarchy
Info (12128): Elaborating entity "VectorProcessor" for hierarchy "VectorProcessor:DUT" File: C:/Users/victo/Desktop/pruebaQuartus/VectorProcessor/Testbench/VectorProcessor_tb.sv Line: 18
Info (12128): Elaborating entity "Fetch_Stage" for hierarchy "VectorProcessor:DUT|Fetch_Stage:fs" File: C:/Users/victo/Desktop/pruebaQuartus/VectorProcessor/VectorProcessor.sv Line: 9
Info (12128): Elaborating entity "PC_Register" for hierarchy "VectorProcessor:DUT|Fetch_Stage:fs|PC_Register:pcNext" File: C:/Users/victo/Desktop/pruebaQuartus/VectorProcessor/Fetch_Stage.sv Line: 10
Info (12128): Elaborating entity "Fetch_Adder" for hierarchy "VectorProcessor:DUT|Fetch_Stage:fs|Fetch_Adder:fAdder" File: C:/Users/victo/Desktop/pruebaQuartus/VectorProcessor/Fetch_Stage.sv Line: 12
Info (12128): Elaborating entity "Instr_Mem" for hierarchy "VectorProcessor:DUT|Fetch_Stage:fs|Instr_Mem:instrMem" File: C:/Users/victo/Desktop/pruebaQuartus/VectorProcessor/Fetch_Stage.sv Line: 14
Warning (10850): Verilog HDL warning at Instr_Mem.sv(7): number of words (33) in memory file does not match the number of elements in the address range [0:50] File: C:/Users/victo/Desktop/pruebaQuartus/VectorProcessor/Instr_Mem.sv Line: 7
Warning (10230): Verilog HDL assignment warning at memFile.mem(1): truncated value with size 24 to match size of target (21) File: C:/Users/victo/Desktop/pruebaQuartus/VectorProcessor/memFile.mem Line: 1
Warning (10230): Verilog HDL assignment warning at memFile.mem(2): truncated value with size 32 to match size of target (21) File: C:/Users/victo/Desktop/pruebaQuartus/VectorProcessor/memFile.mem Line: 2
Warning (10230): Verilog HDL assignment warning at memFile.mem(3): truncated value with size 32 to match size of target (21) File: C:/Users/victo/Desktop/pruebaQuartus/VectorProcessor/memFile.mem Line: 3
Warning (10230): Verilog HDL assignment warning at memFile.mem(4): truncated value with size 32 to match size of target (21) File: C:/Users/victo/Desktop/pruebaQuartus/VectorProcessor/memFile.mem Line: 4
Warning (10230): Verilog HDL assignment warning at memFile.mem(5): truncated value with size 32 to match size of target (21) File: C:/Users/victo/Desktop/pruebaQuartus/VectorProcessor/memFile.mem Line: 5
Warning (10230): Verilog HDL assignment warning at memFile.mem(6): truncated value with size 32 to match size of target (21) File: C:/Users/victo/Desktop/pruebaQuartus/VectorProcessor/memFile.mem Line: 6
Warning (10230): Verilog HDL assignment warning at memFile.mem(7): truncated value with size 32 to match size of target (21) File: C:/Users/victo/Desktop/pruebaQuartus/VectorProcessor/memFile.mem Line: 7
Warning (10230): Verilog HDL assignment warning at memFile.mem(8): truncated value with size 32 to match size of target (21) File: C:/Users/victo/Desktop/pruebaQuartus/VectorProcessor/memFile.mem Line: 8
Warning (10230): Verilog HDL assignment warning at memFile.mem(9): truncated value with size 32 to match size of target (21) File: C:/Users/victo/Desktop/pruebaQuartus/VectorProcessor/memFile.mem Line: 9
Warning (10230): Verilog HDL assignment warning at memFile.mem(10): truncated value with size 32 to match size of target (21) File: C:/Users/victo/Desktop/pruebaQuartus/VectorProcessor/memFile.mem Line: 10
Warning (10230): Verilog HDL assignment warning at memFile.mem(11): truncated value with size 32 to match size of target (21) File: C:/Users/victo/Desktop/pruebaQuartus/VectorProcessor/memFile.mem Line: 11
Warning (10230): Verilog HDL assignment warning at memFile.mem(12): truncated value with size 32 to match size of target (21) File: C:/Users/victo/Desktop/pruebaQuartus/VectorProcessor/memFile.mem Line: 12
Warning (10230): Verilog HDL assignment warning at memFile.mem(13): truncated value with size 32 to match size of target (21) File: C:/Users/victo/Desktop/pruebaQuartus/VectorProcessor/memFile.mem Line: 13
Warning (10230): Verilog HDL assignment warning at memFile.mem(14): truncated value with size 32 to match size of target (21) File: C:/Users/victo/Desktop/pruebaQuartus/VectorProcessor/memFile.mem Line: 14
Warning (10230): Verilog HDL assignment warning at memFile.mem(15): truncated value with size 32 to match size of target (21) File: C:/Users/victo/Desktop/pruebaQuartus/VectorProcessor/memFile.mem Line: 15
Warning (10230): Verilog HDL assignment warning at memFile.mem(16): truncated value with size 32 to match size of target (21) File: C:/Users/victo/Desktop/pruebaQuartus/VectorProcessor/memFile.mem Line: 16
Warning (10230): Verilog HDL assignment warning at memFile.mem(17): truncated value with size 32 to match size of target (21) File: C:/Users/victo/Desktop/pruebaQuartus/VectorProcessor/memFile.mem Line: 17
Warning (10230): Verilog HDL assignment warning at memFile.mem(18): truncated value with size 32 to match size of target (21) File: C:/Users/victo/Desktop/pruebaQuartus/VectorProcessor/memFile.mem Line: 18
Warning (10230): Verilog HDL assignment warning at memFile.mem(19): truncated value with size 32 to match size of target (21) File: C:/Users/victo/Desktop/pruebaQuartus/VectorProcessor/memFile.mem Line: 19
Warning (10230): Verilog HDL assignment warning at memFile.mem(20): truncated value with size 32 to match size of target (21) File: C:/Users/victo/Desktop/pruebaQuartus/VectorProcessor/memFile.mem Line: 20
Warning (10230): Verilog HDL assignment warning at memFile.mem(21): truncated value with size 32 to match size of target (21) File: C:/Users/victo/Desktop/pruebaQuartus/VectorProcessor/memFile.mem Line: 21
Warning (10230): Verilog HDL assignment warning at memFile.mem(22): truncated value with size 32 to match size of target (21) File: C:/Users/victo/Desktop/pruebaQuartus/VectorProcessor/memFile.mem Line: 22
Warning (10230): Verilog HDL assignment warning at memFile.mem(23): truncated value with size 32 to match size of target (21) File: C:/Users/victo/Desktop/pruebaQuartus/VectorProcessor/memFile.mem Line: 23
Warning (10230): Verilog HDL assignment warning at memFile.mem(24): truncated value with size 32 to match size of target (21) File: C:/Users/victo/Desktop/pruebaQuartus/VectorProcessor/memFile.mem Line: 24
Warning (10230): Verilog HDL assignment warning at memFile.mem(25): truncated value with size 32 to match size of target (21) File: C:/Users/victo/Desktop/pruebaQuartus/VectorProcessor/memFile.mem Line: 25
Warning (10230): Verilog HDL assignment warning at memFile.mem(26): truncated value with size 32 to match size of target (21) File: C:/Users/victo/Desktop/pruebaQuartus/VectorProcessor/memFile.mem Line: 26
Warning (10230): Verilog HDL assignment warning at memFile.mem(27): truncated value with size 32 to match size of target (21) File: C:/Users/victo/Desktop/pruebaQuartus/VectorProcessor/memFile.mem Line: 27
Warning (10230): Verilog HDL assignment warning at memFile.mem(28): truncated value with size 32 to match size of target (21) File: C:/Users/victo/Desktop/pruebaQuartus/VectorProcessor/memFile.mem Line: 28
Warning (10230): Verilog HDL assignment warning at memFile.mem(29): truncated value with size 32 to match size of target (21) File: C:/Users/victo/Desktop/pruebaQuartus/VectorProcessor/memFile.mem Line: 29
Warning (10230): Verilog HDL assignment warning at memFile.mem(30): truncated value with size 32 to match size of target (21) File: C:/Users/victo/Desktop/pruebaQuartus/VectorProcessor/memFile.mem Line: 30
Warning (10230): Verilog HDL assignment warning at memFile.mem(31): truncated value with size 32 to match size of target (21) File: C:/Users/victo/Desktop/pruebaQuartus/VectorProcessor/memFile.mem Line: 31
Warning (10230): Verilog HDL assignment warning at memFile.mem(32): truncated value with size 32 to match size of target (21) File: C:/Users/victo/Desktop/pruebaQuartus/VectorProcessor/memFile.mem Line: 32
Warning (10230): Verilog HDL assignment warning at memFile.mem(33): truncated value with size 32 to match size of target (21) File: C:/Users/victo/Desktop/pruebaQuartus/VectorProcessor/memFile.mem Line: 33
Warning (12241): 1 hierarchies have connectivity warnings - see the Connectivity Checks report folder
Info (144001): Generated suppressed messages file C:/Users/victo/Desktop/pruebaQuartus/VectorProcessor/output_files/VectorProcessor.map.smsg
Info: Quartus Prime Analysis & Elaboration was successful. 0 errors, 36 warnings
    Info: Peak virtual memory: 4766 megabytes
    Info: Processing ended: Tue Jun 01 11:56:06 2021
    Info: Elapsed time: 00:00:08
    Info: Total CPU time (on all processors): 00:00:22


+--------------------------------------------+
; Analysis & Elaboration Suppressed Messages ;
+--------------------------------------------+
The suppressed messages can be found in C:/Users/victo/Desktop/pruebaQuartus/VectorProcessor/output_files/VectorProcessor.map.smsg.


